G04 CAM350 V10.0 (Build 279) Date:  Mon Nov 02 17:21:41 2009 *
G04 Database: Y:\Documents\eagle\pic_web_dil\pic_web_dil.cam *
G04 Layer 4: pic_web_dil.out *
%FSTAX35Y35*%
%MOMM*%
%SFA1.000B1.000*%

%MIA0B0*%
%IPPOS*%
%ADD36C,0.20066*%
%ADD38C,0.00000*%
%LNpic_web_dil.out*%
%LPD*%
G54D36*
X00389128Y00038354D02*
G01Y08038338D01*
X10389108*
Y00038354*
X00389128*
G54D38*
X00529082Y00338328D02*
G01X0052959Y00351028D01*
X00531114Y00363728*
X00533654Y00376174*
X0053721Y00388366*
X00541528Y00400304*
X00546862Y00411734*
X00553212Y0042291*
X00560324Y00433324*
X00568452Y0044323*
X00577088Y00452628*
X00586486Y00461264*
X00596646Y00468884*
X00607314Y00475742*
X0061849Y00481838*
X00630174Y00487172*
X00642112Y00491236*
X00654304Y00494538*
X00667004Y00496824*
X0067945Y00498094*
X00692404Y00498348*
X00705104Y00497586*
X0071755Y00495808*
X00729996Y00493014*
X00742188Y00489204*
X00753872Y00484632*
X00765302Y00479044*
X00776224Y0047244*
X00786638Y00465074*
X00796544Y00456946*
X00805688Y00448056*
X00813816Y00438404*
X00821436Y00428244*
X00828294Y00417322*
X00834136Y00406146*
X00838962Y00394462*
X00843026Y0038227*
X00846074Y00369824*
X00848106Y00357378*
X00849122Y00344678*
Y00331978*
X00848106Y00319278*
X00846074Y00306832*
X00843026Y00294386*
X00838962Y00282194*
X00834136Y0027051*
X00828294Y00259334*
X00821436Y00248412*
X00813816Y00238252*
X00805688Y002286*
X00796544Y0021971*
X00786638Y00211582*
X00776224Y00204216*
X00765302Y00197612*
X00753872Y00192024*
X00742188Y00187452*
X00729996Y00183642*
X0071755Y00180848*
X00705104Y0017907*
X00692404Y00178308*
X0067945Y00178562*
X00667004Y00179832*
X00654304Y00182118*
X00642112Y0018542*
X00630174Y00189484*
X0061849Y00194818*
X00607314Y00200914*
X00596646Y00207772*
X00586486Y00215392*
X00577088Y00224028*
X00568452Y00233426*
X00560324Y00243332*
X00553212Y00253746*
X00546862Y00264922*
X00541528Y00276352*
X0053721Y0028829*
X00533654Y00300482*
X00531114Y00312928*
X0052959Y00325628*
X00529082Y00338328*
X00951484Y058039D02*
G01X00951992Y058166D01*
X00953516Y058293*
X00956056Y05841746*
X00959358Y05854192*
X0096393Y0586613*
X00969264Y05877814*
X0097536Y05888736*
X00982472Y05899404*
X00990346Y05909564*
X00998982Y05918962*
X0100838Y05927598*
X0101854Y05935472*
X01029208Y05942584*
X0104013Y0594868*
X01051814Y05954014*
X01063752Y05958586*
X01076198Y05961888*
X01088644Y05964428*
X01101344Y05965952*
X01114044Y0596646*
X01126744Y05965952*
X01139444Y05964428*
X0115189Y05961888*
X01164336Y05958586*
X01176274Y05954014*
X01187958Y0594868*
X0119888Y05942584*
X01209548Y05935472*
X01219708Y05927598*
X01229106Y05918962*
X01237742Y05909564*
X01245616Y05899404*
X01252728Y05888736*
X01258824Y05877814*
X01264158Y0586613*
X0126873Y05854192*
X01272032Y05841746*
X01274572Y058293*
X01276096Y058166*
X01276604Y058039*
X01276096Y057912*
X01274572Y057785*
X01272032Y05766054*
X0126873Y05753608*
X01264158Y0574167*
X01258824Y05729986*
X01252728Y05719064*
X01245616Y05708396*
X01237742Y05698236*
X01229106Y05688838*
X01219708Y05680202*
X01209548Y05672328*
X0119888Y05665216*
X01187958Y0565912*
X01176274Y05653786*
X01164336Y05649214*
X0115189Y05645912*
X01139444Y05643372*
X01126744Y05641848*
X01114044Y0564134*
X01101344Y05641848*
X01088644Y05643372*
X01076198Y05645912*
X01063752Y05649214*
X01051814Y05653786*
X0104013Y0565912*
X01029208Y05665216*
X0101854Y05672328*
X0100838Y05680202*
X00998982Y05688838*
X00990346Y05698236*
X00982472Y05708396*
X0097536Y05719064*
X00969264Y05729986*
X0096393Y0574167*
X00959358Y05753608*
X00956056Y05766054*
X00953516Y057785*
X00951992Y057912*
X00951484Y058039*
Y069469D02*
G01X00951992Y069596D01*
X00953516Y069723*
X00956056Y06984746*
X00959358Y06997192*
X0096393Y0700913*
X00969264Y07020814*
X0097536Y07031736*
X00982472Y07042404*
X00990346Y07052564*
X00998982Y07061962*
X0100838Y07070598*
X0101854Y07078472*
X01029208Y07085584*
X0104013Y0709168*
X01051814Y07097014*
X01063752Y07101586*
X01076198Y07104888*
X01088644Y07107428*
X01101344Y07108952*
X01114044Y0710946*
X01126744Y07108952*
X01139444Y07107428*
X0115189Y07104888*
X01164336Y07101586*
X01176274Y07097014*
X01187958Y0709168*
X0119888Y07085584*
X01209548Y07078472*
X01219708Y07070598*
X01229106Y07061962*
X01237742Y07052564*
X01245616Y07042404*
X01252728Y07031736*
X01258824Y07020814*
X01264158Y0700913*
X0126873Y06997192*
X01272032Y06984746*
X01274572Y069723*
X01276096Y069596*
X01276604Y069469*
X01276096Y069342*
X01274572Y069215*
X01272032Y06909054*
X0126873Y06896608*
X01264158Y0688467*
X01258824Y06872986*
X01252728Y06862064*
X01245616Y06851396*
X01237742Y06841236*
X01229106Y06831838*
X01219708Y06823202*
X01209548Y06815328*
X0119888Y06808216*
X01187958Y0680212*
X01176274Y06796786*
X01164336Y06792214*
X0115189Y06788912*
X01139444Y06786372*
X01126744Y06784848*
X01114044Y0678434*
X01101344Y06784848*
X01088644Y06786372*
X01076198Y06788912*
X01063752Y06792214*
X01051814Y06796786*
X0104013Y0680212*
X01029208Y06808216*
X0101854Y06815328*
X0100838Y06823202*
X00998982Y06831838*
X00990346Y06841236*
X00982472Y06851396*
X0097536Y06862064*
X00969264Y06872986*
X0096393Y0688467*
X00959358Y06896608*
X00956056Y06909054*
X00953516Y069215*
X00951992Y069342*
X00951484Y069469*
X00529082Y07738364D02*
G01X0052959Y07751064D01*
X00531114Y07763764*
X00533654Y0777621*
X0053721Y07788402*
X00541528Y0780034*
X00546862Y0781177*
X00553212Y07822946*
X00560324Y0783336*
X00568452Y07843266*
X00577088Y07852664*
X00586486Y078613*
X00596646Y0786892*
X00607314Y07875778*
X0061849Y07881874*
X00630174Y07887208*
X00642112Y07891272*
X00654304Y07894574*
X00667004Y0789686*
X0067945Y0789813*
X00692404Y07898384*
X00705104Y07897622*
X0071755Y07895844*
X00729996Y0789305*
X00742188Y0788924*
X00753872Y07884668*
X00765302Y0787908*
X00776224Y07872476*
X00786638Y0786511*
X00796544Y07856982*
X00805688Y07848092*
X00813816Y0783844*
X00821436Y0782828*
X00828294Y07817358*
X00834136Y07806182*
X00838962Y07794498*
X00843026Y07782306*
X00846074Y0776986*
X00848106Y07757414*
X00849122Y07744714*
Y07732014*
X00848106Y07719314*
X00846074Y07706868*
X00843026Y07694422*
X00838962Y0768223*
X00834136Y07670546*
X00828294Y0765937*
X00821436Y07648448*
X00813816Y07638288*
X00805688Y07628636*
X00796544Y07619746*
X00786638Y07611618*
X00776224Y07604252*
X00765302Y07597648*
X00753872Y0759206*
X00742188Y07587488*
X00729996Y07583678*
X0071755Y07580884*
X00705104Y07579106*
X00692404Y07578344*
X0067945Y07578598*
X00667004Y07579868*
X00654304Y07582154*
X00642112Y07585456*
X00630174Y0758952*
X0061849Y07594854*
X00607314Y0760095*
X00596646Y07607808*
X00586486Y07615428*
X00577088Y07624064*
X00568452Y07633462*
X00560324Y07643368*
X00553212Y07653782*
X00546862Y07664958*
X00541528Y07676388*
X0053721Y07688326*
X00533654Y07700518*
X00531114Y07712964*
X0052959Y07725664*
X00529082Y07738364*
X09929114D02*
G01X09929622Y07751064D01*
X09931146Y07763764*
X09933686Y0777621*
X09937242Y07788402*
X0994156Y0780034*
X09946894Y0781177*
X09953244Y07822946*
X09960356Y0783336*
X09968484Y07843266*
X0997712Y07852664*
X09986518Y078613*
X09996678Y0786892*
X10007346Y07875778*
X10018522Y07881874*
X10030206Y07887208*
X10042144Y07891272*
X10054336Y07894574*
X10067036Y0789686*
X10079482Y0789813*
X10092436Y07898384*
X10105136Y07897622*
X10117582Y07895844*
X10130028Y0789305*
X1014222Y0788924*
X10153904Y07884668*
X10165334Y0787908*
X10176256Y07872476*
X1018667Y0786511*
X10196576Y07856982*
X1020572Y07848092*
X10213848Y0783844*
X10221468Y0782828*
X10228326Y07817358*
X10234168Y07806182*
X10238994Y07794498*
X10243058Y07782306*
X10246106Y0776986*
X10248138Y07757414*
X10249154Y07744714*
Y07732014*
X10248138Y07719314*
X10246106Y07706868*
X10243058Y07694422*
X10238994Y0768223*
X10234168Y07670546*
X10228326Y0765937*
X10221468Y07648448*
X10213848Y07638288*
X1020572Y07628636*
X10196576Y07619746*
X1018667Y07611618*
X10176256Y07604252*
X10165334Y07597648*
X10153904Y0759206*
X1014222Y07587488*
X10130028Y07583678*
X10117582Y07580884*
X10105136Y07579106*
X10092436Y07578344*
X10079482Y07578598*
X10067036Y07579868*
X10054336Y07582154*
X10042144Y07585456*
X10030206Y0758952*
X10018522Y07594854*
X10007346Y0760095*
X09996678Y07607808*
X09986518Y07615428*
X0997712Y07624064*
X09968484Y07633462*
X09960356Y07643368*
X09953244Y07653782*
X09946894Y07664958*
X0994156Y07676388*
X09937242Y07688326*
X09933686Y07700518*
X09931146Y07712964*
X09929622Y07725664*
X09929114Y07738364*
Y00338328D02*
G01X09929622Y00351028D01*
X09931146Y00363728*
X09933686Y00376174*
X09937242Y00388366*
X0994156Y00400304*
X09946894Y00411734*
X09953244Y0042291*
X09960356Y00433324*
X09968484Y0044323*
X0997712Y00452628*
X09986518Y00461264*
X09996678Y00468884*
X10007346Y00475742*
X10018522Y00481838*
X10030206Y00487172*
X10042144Y00491236*
X10054336Y00494538*
X10067036Y00496824*
X10079482Y00498094*
X10092436Y00498348*
X10105136Y00497586*
X10117582Y00495808*
X10130028Y00493014*
X1014222Y00489204*
X10153904Y00484632*
X10165334Y00479044*
X10176256Y0047244*
X1018667Y00465074*
X10196576Y00456946*
X1020572Y00448056*
X10213848Y00438404*
X10221468Y00428244*
X10228326Y00417322*
X10234168Y00406146*
X10238994Y00394462*
X10243058Y0038227*
X10246106Y00369824*
X10248138Y00357378*
X10249154Y00344678*
Y00331978*
X10248138Y00319278*
X10246106Y00306832*
X10243058Y00294386*
X10238994Y00282194*
X10234168Y0027051*
X10228326Y00259334*
X10221468Y00248412*
X10213848Y00238252*
X1020572Y002286*
X10196576Y0021971*
X1018667Y00211582*
X10176256Y00204216*
X10165334Y00197612*
X10153904Y00192024*
X1014222Y00187452*
X10130028Y00183642*
X10117582Y00180848*
X10105136Y0017907*
X10092436Y00178308*
X10079482Y00178562*
X10067036Y00179832*
X10054336Y00182118*
X10042144Y0018542*
X10030206Y00189484*
X10018522Y00194818*
X10007346Y00200914*
X09996678Y00207772*
X09986518Y00215392*
X0997712Y00224028*
X09968484Y00233426*
X09960356Y00243332*
X09953244Y00253746*
X09946894Y00264922*
X0994156Y00276352*
X09937242Y0028829*
X09933686Y00300482*
X09931146Y00312928*
X09929622Y00325628*
X09929114Y00338328*
M02*
