G75*
%MOIN*%
%OFA0B0*%
%FSLAX24Y24*%
%IPPOS*%
%LPD*%
%AMOC8*
5,1,8,0,0,1.08239X$1,22.5*
%
%ADD10C,0.0000*%
D10*
X000000Y000000D02*
X000000Y022047D01*
X025591Y022047D01*
X025591Y000000D01*
X000000Y000000D01*
X000787Y001476D02*
X000789Y001528D01*
X000795Y001580D01*
X000805Y001631D01*
X000818Y001681D01*
X000836Y001731D01*
X000857Y001778D01*
X000881Y001824D01*
X000910Y001868D01*
X000941Y001910D01*
X000975Y001949D01*
X001012Y001986D01*
X001052Y002019D01*
X001095Y002050D01*
X001139Y002077D01*
X001185Y002101D01*
X001234Y002121D01*
X001283Y002137D01*
X001334Y002150D01*
X001385Y002159D01*
X001437Y002164D01*
X001489Y002165D01*
X001541Y002162D01*
X001593Y002155D01*
X001644Y002144D01*
X001694Y002130D01*
X001743Y002111D01*
X001790Y002089D01*
X001835Y002064D01*
X001879Y002035D01*
X001920Y002003D01*
X001959Y001968D01*
X001994Y001930D01*
X002027Y001889D01*
X002057Y001847D01*
X002083Y001802D01*
X002106Y001755D01*
X002125Y001706D01*
X002141Y001656D01*
X002153Y001606D01*
X002161Y001554D01*
X002165Y001502D01*
X002165Y001450D01*
X002161Y001398D01*
X002153Y001346D01*
X002141Y001296D01*
X002125Y001246D01*
X002106Y001197D01*
X002083Y001150D01*
X002057Y001105D01*
X002027Y001063D01*
X001994Y001022D01*
X001959Y000984D01*
X001920Y000949D01*
X001879Y000917D01*
X001835Y000888D01*
X001790Y000863D01*
X001743Y000841D01*
X001694Y000822D01*
X001644Y000808D01*
X001593Y000797D01*
X001541Y000790D01*
X001489Y000787D01*
X001437Y000788D01*
X001385Y000793D01*
X001334Y000802D01*
X001283Y000815D01*
X001234Y000831D01*
X001185Y000851D01*
X001139Y000875D01*
X001095Y000902D01*
X001052Y000933D01*
X001012Y000966D01*
X000975Y001003D01*
X000941Y001042D01*
X000910Y001084D01*
X000881Y001128D01*
X000857Y001174D01*
X000836Y001221D01*
X000818Y001271D01*
X000805Y001321D01*
X000795Y001372D01*
X000789Y001424D01*
X000787Y001476D01*
X000787Y020571D02*
X000789Y020623D01*
X000795Y020675D01*
X000805Y020726D01*
X000818Y020776D01*
X000836Y020826D01*
X000857Y020873D01*
X000881Y020919D01*
X000910Y020963D01*
X000941Y021005D01*
X000975Y021044D01*
X001012Y021081D01*
X001052Y021114D01*
X001095Y021145D01*
X001139Y021172D01*
X001185Y021196D01*
X001234Y021216D01*
X001283Y021232D01*
X001334Y021245D01*
X001385Y021254D01*
X001437Y021259D01*
X001489Y021260D01*
X001541Y021257D01*
X001593Y021250D01*
X001644Y021239D01*
X001694Y021225D01*
X001743Y021206D01*
X001790Y021184D01*
X001835Y021159D01*
X001879Y021130D01*
X001920Y021098D01*
X001959Y021063D01*
X001994Y021025D01*
X002027Y020984D01*
X002057Y020942D01*
X002083Y020897D01*
X002106Y020850D01*
X002125Y020801D01*
X002141Y020751D01*
X002153Y020701D01*
X002161Y020649D01*
X002165Y020597D01*
X002165Y020545D01*
X002161Y020493D01*
X002153Y020441D01*
X002141Y020391D01*
X002125Y020341D01*
X002106Y020292D01*
X002083Y020245D01*
X002057Y020200D01*
X002027Y020158D01*
X001994Y020117D01*
X001959Y020079D01*
X001920Y020044D01*
X001879Y020012D01*
X001835Y019983D01*
X001790Y019958D01*
X001743Y019936D01*
X001694Y019917D01*
X001644Y019903D01*
X001593Y019892D01*
X001541Y019885D01*
X001489Y019882D01*
X001437Y019883D01*
X001385Y019888D01*
X001334Y019897D01*
X001283Y019910D01*
X001234Y019926D01*
X001185Y019946D01*
X001139Y019970D01*
X001095Y019997D01*
X001052Y020028D01*
X001012Y020061D01*
X000975Y020098D01*
X000941Y020137D01*
X000910Y020179D01*
X000881Y020223D01*
X000857Y020269D01*
X000836Y020316D01*
X000818Y020366D01*
X000805Y020416D01*
X000795Y020467D01*
X000789Y020519D01*
X000787Y020571D01*
X023425Y020571D02*
X023427Y020623D01*
X023433Y020675D01*
X023443Y020726D01*
X023456Y020776D01*
X023474Y020826D01*
X023495Y020873D01*
X023519Y020919D01*
X023548Y020963D01*
X023579Y021005D01*
X023613Y021044D01*
X023650Y021081D01*
X023690Y021114D01*
X023733Y021145D01*
X023777Y021172D01*
X023823Y021196D01*
X023872Y021216D01*
X023921Y021232D01*
X023972Y021245D01*
X024023Y021254D01*
X024075Y021259D01*
X024127Y021260D01*
X024179Y021257D01*
X024231Y021250D01*
X024282Y021239D01*
X024332Y021225D01*
X024381Y021206D01*
X024428Y021184D01*
X024473Y021159D01*
X024517Y021130D01*
X024558Y021098D01*
X024597Y021063D01*
X024632Y021025D01*
X024665Y020984D01*
X024695Y020942D01*
X024721Y020897D01*
X024744Y020850D01*
X024763Y020801D01*
X024779Y020751D01*
X024791Y020701D01*
X024799Y020649D01*
X024803Y020597D01*
X024803Y020545D01*
X024799Y020493D01*
X024791Y020441D01*
X024779Y020391D01*
X024763Y020341D01*
X024744Y020292D01*
X024721Y020245D01*
X024695Y020200D01*
X024665Y020158D01*
X024632Y020117D01*
X024597Y020079D01*
X024558Y020044D01*
X024517Y020012D01*
X024473Y019983D01*
X024428Y019958D01*
X024381Y019936D01*
X024332Y019917D01*
X024282Y019903D01*
X024231Y019892D01*
X024179Y019885D01*
X024127Y019882D01*
X024075Y019883D01*
X024023Y019888D01*
X023972Y019897D01*
X023921Y019910D01*
X023872Y019926D01*
X023823Y019946D01*
X023777Y019970D01*
X023733Y019997D01*
X023690Y020028D01*
X023650Y020061D01*
X023613Y020098D01*
X023579Y020137D01*
X023548Y020179D01*
X023519Y020223D01*
X023495Y020269D01*
X023474Y020316D01*
X023456Y020366D01*
X023443Y020416D01*
X023433Y020467D01*
X023427Y020519D01*
X023425Y020571D01*
X023425Y001476D02*
X023427Y001528D01*
X023433Y001580D01*
X023443Y001631D01*
X023456Y001681D01*
X023474Y001731D01*
X023495Y001778D01*
X023519Y001824D01*
X023548Y001868D01*
X023579Y001910D01*
X023613Y001949D01*
X023650Y001986D01*
X023690Y002019D01*
X023733Y002050D01*
X023777Y002077D01*
X023823Y002101D01*
X023872Y002121D01*
X023921Y002137D01*
X023972Y002150D01*
X024023Y002159D01*
X024075Y002164D01*
X024127Y002165D01*
X024179Y002162D01*
X024231Y002155D01*
X024282Y002144D01*
X024332Y002130D01*
X024381Y002111D01*
X024428Y002089D01*
X024473Y002064D01*
X024517Y002035D01*
X024558Y002003D01*
X024597Y001968D01*
X024632Y001930D01*
X024665Y001889D01*
X024695Y001847D01*
X024721Y001802D01*
X024744Y001755D01*
X024763Y001706D01*
X024779Y001656D01*
X024791Y001606D01*
X024799Y001554D01*
X024803Y001502D01*
X024803Y001450D01*
X024799Y001398D01*
X024791Y001346D01*
X024779Y001296D01*
X024763Y001246D01*
X024744Y001197D01*
X024721Y001150D01*
X024695Y001105D01*
X024665Y001063D01*
X024632Y001022D01*
X024597Y000984D01*
X024558Y000949D01*
X024517Y000917D01*
X024473Y000888D01*
X024428Y000863D01*
X024381Y000841D01*
X024332Y000822D01*
X024282Y000808D01*
X024231Y000797D01*
X024179Y000790D01*
X024127Y000787D01*
X024075Y000788D01*
X024023Y000793D01*
X023972Y000802D01*
X023921Y000815D01*
X023872Y000831D01*
X023823Y000851D01*
X023777Y000875D01*
X023733Y000902D01*
X023690Y000933D01*
X023650Y000966D01*
X023613Y001003D01*
X023579Y001042D01*
X023548Y001084D01*
X023519Y001128D01*
X023495Y001174D01*
X023474Y001221D01*
X023456Y001271D01*
X023443Y001321D01*
X023433Y001372D01*
X023427Y001424D01*
X023425Y001476D01*
M02*
