G75*
%MOIN*%
%OFA0B0*%
%FSLAX24Y24*%
%IPPOS*%
%LPD*%
%AMOC8*
5,1,8,0,0,1.08239X$1,22.5*
%
%ADD10C,0.0000*%
D10*
X000000Y000000D02*
X000000Y031500D01*
X000000Y031496D02*
X039370Y031496D01*
X039370Y000000D01*
X000000Y000000D01*
X000945Y001575D02*
X000947Y001625D01*
X000953Y001675D01*
X000963Y001724D01*
X000977Y001772D01*
X000994Y001819D01*
X001015Y001864D01*
X001040Y001908D01*
X001068Y001949D01*
X001100Y001988D01*
X001134Y002025D01*
X001171Y002059D01*
X001211Y002089D01*
X001253Y002116D01*
X001297Y002140D01*
X001343Y002161D01*
X001390Y002177D01*
X001438Y002190D01*
X001488Y002199D01*
X001537Y002204D01*
X001588Y002205D01*
X001638Y002202D01*
X001687Y002195D01*
X001736Y002184D01*
X001784Y002169D01*
X001830Y002151D01*
X001875Y002129D01*
X001918Y002103D01*
X001959Y002074D01*
X001998Y002042D01*
X002034Y002007D01*
X002066Y001969D01*
X002096Y001929D01*
X002123Y001886D01*
X002146Y001842D01*
X002165Y001796D01*
X002181Y001748D01*
X002193Y001699D01*
X002201Y001650D01*
X002205Y001600D01*
X002205Y001550D01*
X002201Y001500D01*
X002193Y001451D01*
X002181Y001402D01*
X002165Y001354D01*
X002146Y001308D01*
X002123Y001264D01*
X002096Y001221D01*
X002066Y001181D01*
X002034Y001143D01*
X001998Y001108D01*
X001959Y001076D01*
X001918Y001047D01*
X001875Y001021D01*
X001830Y000999D01*
X001784Y000981D01*
X001736Y000966D01*
X001687Y000955D01*
X001638Y000948D01*
X001588Y000945D01*
X001537Y000946D01*
X001488Y000951D01*
X001438Y000960D01*
X001390Y000973D01*
X001343Y000989D01*
X001297Y001010D01*
X001253Y001034D01*
X001211Y001061D01*
X001171Y001091D01*
X001134Y001125D01*
X001100Y001162D01*
X001068Y001201D01*
X001040Y001242D01*
X001015Y001286D01*
X000994Y001331D01*
X000977Y001378D01*
X000963Y001426D01*
X000953Y001475D01*
X000947Y001525D01*
X000945Y001575D01*
X000945Y029921D02*
X000947Y029971D01*
X000953Y030021D01*
X000963Y030070D01*
X000977Y030118D01*
X000994Y030165D01*
X001015Y030210D01*
X001040Y030254D01*
X001068Y030295D01*
X001100Y030334D01*
X001134Y030371D01*
X001171Y030405D01*
X001211Y030435D01*
X001253Y030462D01*
X001297Y030486D01*
X001343Y030507D01*
X001390Y030523D01*
X001438Y030536D01*
X001488Y030545D01*
X001537Y030550D01*
X001588Y030551D01*
X001638Y030548D01*
X001687Y030541D01*
X001736Y030530D01*
X001784Y030515D01*
X001830Y030497D01*
X001875Y030475D01*
X001918Y030449D01*
X001959Y030420D01*
X001998Y030388D01*
X002034Y030353D01*
X002066Y030315D01*
X002096Y030275D01*
X002123Y030232D01*
X002146Y030188D01*
X002165Y030142D01*
X002181Y030094D01*
X002193Y030045D01*
X002201Y029996D01*
X002205Y029946D01*
X002205Y029896D01*
X002201Y029846D01*
X002193Y029797D01*
X002181Y029748D01*
X002165Y029700D01*
X002146Y029654D01*
X002123Y029610D01*
X002096Y029567D01*
X002066Y029527D01*
X002034Y029489D01*
X001998Y029454D01*
X001959Y029422D01*
X001918Y029393D01*
X001875Y029367D01*
X001830Y029345D01*
X001784Y029327D01*
X001736Y029312D01*
X001687Y029301D01*
X001638Y029294D01*
X001588Y029291D01*
X001537Y029292D01*
X001488Y029297D01*
X001438Y029306D01*
X001390Y029319D01*
X001343Y029335D01*
X001297Y029356D01*
X001253Y029380D01*
X001211Y029407D01*
X001171Y029437D01*
X001134Y029471D01*
X001100Y029508D01*
X001068Y029547D01*
X001040Y029588D01*
X001015Y029632D01*
X000994Y029677D01*
X000977Y029724D01*
X000963Y029772D01*
X000953Y029821D01*
X000947Y029871D01*
X000945Y029921D01*
X037165Y029921D02*
X037167Y029971D01*
X037173Y030021D01*
X037183Y030070D01*
X037197Y030118D01*
X037214Y030165D01*
X037235Y030210D01*
X037260Y030254D01*
X037288Y030295D01*
X037320Y030334D01*
X037354Y030371D01*
X037391Y030405D01*
X037431Y030435D01*
X037473Y030462D01*
X037517Y030486D01*
X037563Y030507D01*
X037610Y030523D01*
X037658Y030536D01*
X037708Y030545D01*
X037757Y030550D01*
X037808Y030551D01*
X037858Y030548D01*
X037907Y030541D01*
X037956Y030530D01*
X038004Y030515D01*
X038050Y030497D01*
X038095Y030475D01*
X038138Y030449D01*
X038179Y030420D01*
X038218Y030388D01*
X038254Y030353D01*
X038286Y030315D01*
X038316Y030275D01*
X038343Y030232D01*
X038366Y030188D01*
X038385Y030142D01*
X038401Y030094D01*
X038413Y030045D01*
X038421Y029996D01*
X038425Y029946D01*
X038425Y029896D01*
X038421Y029846D01*
X038413Y029797D01*
X038401Y029748D01*
X038385Y029700D01*
X038366Y029654D01*
X038343Y029610D01*
X038316Y029567D01*
X038286Y029527D01*
X038254Y029489D01*
X038218Y029454D01*
X038179Y029422D01*
X038138Y029393D01*
X038095Y029367D01*
X038050Y029345D01*
X038004Y029327D01*
X037956Y029312D01*
X037907Y029301D01*
X037858Y029294D01*
X037808Y029291D01*
X037757Y029292D01*
X037708Y029297D01*
X037658Y029306D01*
X037610Y029319D01*
X037563Y029335D01*
X037517Y029356D01*
X037473Y029380D01*
X037431Y029407D01*
X037391Y029437D01*
X037354Y029471D01*
X037320Y029508D01*
X037288Y029547D01*
X037260Y029588D01*
X037235Y029632D01*
X037214Y029677D01*
X037197Y029724D01*
X037183Y029772D01*
X037173Y029821D01*
X037167Y029871D01*
X037165Y029921D01*
X037165Y001575D02*
X037167Y001625D01*
X037173Y001675D01*
X037183Y001724D01*
X037197Y001772D01*
X037214Y001819D01*
X037235Y001864D01*
X037260Y001908D01*
X037288Y001949D01*
X037320Y001988D01*
X037354Y002025D01*
X037391Y002059D01*
X037431Y002089D01*
X037473Y002116D01*
X037517Y002140D01*
X037563Y002161D01*
X037610Y002177D01*
X037658Y002190D01*
X037708Y002199D01*
X037757Y002204D01*
X037808Y002205D01*
X037858Y002202D01*
X037907Y002195D01*
X037956Y002184D01*
X038004Y002169D01*
X038050Y002151D01*
X038095Y002129D01*
X038138Y002103D01*
X038179Y002074D01*
X038218Y002042D01*
X038254Y002007D01*
X038286Y001969D01*
X038316Y001929D01*
X038343Y001886D01*
X038366Y001842D01*
X038385Y001796D01*
X038401Y001748D01*
X038413Y001699D01*
X038421Y001650D01*
X038425Y001600D01*
X038425Y001550D01*
X038421Y001500D01*
X038413Y001451D01*
X038401Y001402D01*
X038385Y001354D01*
X038366Y001308D01*
X038343Y001264D01*
X038316Y001221D01*
X038286Y001181D01*
X038254Y001143D01*
X038218Y001108D01*
X038179Y001076D01*
X038138Y001047D01*
X038095Y001021D01*
X038050Y000999D01*
X038004Y000981D01*
X037956Y000966D01*
X037907Y000955D01*
X037858Y000948D01*
X037808Y000945D01*
X037757Y000946D01*
X037708Y000951D01*
X037658Y000960D01*
X037610Y000973D01*
X037563Y000989D01*
X037517Y001010D01*
X037473Y001034D01*
X037431Y001061D01*
X037391Y001091D01*
X037354Y001125D01*
X037320Y001162D01*
X037288Y001201D01*
X037260Y001242D01*
X037235Y001286D01*
X037214Y001331D01*
X037197Y001378D01*
X037183Y001426D01*
X037173Y001475D01*
X037167Y001525D01*
X037165Y001575D01*
M02*
