G75*
%MOIN*%
%OFA0B0*%
%FSLAX24Y24*%
%IPPOS*%
%LPD*%
%AMOC8*
5,1,8,0,0,1.08239X$1,22.5*
%
%ADD10C,0.0000*%
D10*
X000000Y000000D02*
X000000Y016535D01*
X039370Y016535D01*
X039370Y000000D01*
X000000Y000000D01*
X000945Y001575D02*
X000947Y001625D01*
X000953Y001675D01*
X000963Y001724D01*
X000977Y001772D01*
X000994Y001819D01*
X001015Y001864D01*
X001040Y001908D01*
X001068Y001949D01*
X001100Y001988D01*
X001134Y002025D01*
X001171Y002059D01*
X001211Y002089D01*
X001253Y002116D01*
X001297Y002140D01*
X001343Y002161D01*
X001390Y002177D01*
X001438Y002190D01*
X001488Y002199D01*
X001537Y002204D01*
X001588Y002205D01*
X001638Y002202D01*
X001687Y002195D01*
X001736Y002184D01*
X001784Y002169D01*
X001830Y002151D01*
X001875Y002129D01*
X001918Y002103D01*
X001959Y002074D01*
X001998Y002042D01*
X002034Y002007D01*
X002066Y001969D01*
X002096Y001929D01*
X002123Y001886D01*
X002146Y001842D01*
X002165Y001796D01*
X002181Y001748D01*
X002193Y001699D01*
X002201Y001650D01*
X002205Y001600D01*
X002205Y001550D01*
X002201Y001500D01*
X002193Y001451D01*
X002181Y001402D01*
X002165Y001354D01*
X002146Y001308D01*
X002123Y001264D01*
X002096Y001221D01*
X002066Y001181D01*
X002034Y001143D01*
X001998Y001108D01*
X001959Y001076D01*
X001918Y001047D01*
X001875Y001021D01*
X001830Y000999D01*
X001784Y000981D01*
X001736Y000966D01*
X001687Y000955D01*
X001638Y000948D01*
X001588Y000945D01*
X001537Y000946D01*
X001488Y000951D01*
X001438Y000960D01*
X001390Y000973D01*
X001343Y000989D01*
X001297Y001010D01*
X001253Y001034D01*
X001211Y001061D01*
X001171Y001091D01*
X001134Y001125D01*
X001100Y001162D01*
X001068Y001201D01*
X001040Y001242D01*
X001015Y001286D01*
X000994Y001331D01*
X000977Y001378D01*
X000963Y001426D01*
X000953Y001475D01*
X000947Y001525D01*
X000945Y001575D01*
X000945Y014961D02*
X000947Y015011D01*
X000953Y015061D01*
X000963Y015110D01*
X000977Y015158D01*
X000994Y015205D01*
X001015Y015250D01*
X001040Y015294D01*
X001068Y015335D01*
X001100Y015374D01*
X001134Y015411D01*
X001171Y015445D01*
X001211Y015475D01*
X001253Y015502D01*
X001297Y015526D01*
X001343Y015547D01*
X001390Y015563D01*
X001438Y015576D01*
X001488Y015585D01*
X001537Y015590D01*
X001588Y015591D01*
X001638Y015588D01*
X001687Y015581D01*
X001736Y015570D01*
X001784Y015555D01*
X001830Y015537D01*
X001875Y015515D01*
X001918Y015489D01*
X001959Y015460D01*
X001998Y015428D01*
X002034Y015393D01*
X002066Y015355D01*
X002096Y015315D01*
X002123Y015272D01*
X002146Y015228D01*
X002165Y015182D01*
X002181Y015134D01*
X002193Y015085D01*
X002201Y015036D01*
X002205Y014986D01*
X002205Y014936D01*
X002201Y014886D01*
X002193Y014837D01*
X002181Y014788D01*
X002165Y014740D01*
X002146Y014694D01*
X002123Y014650D01*
X002096Y014607D01*
X002066Y014567D01*
X002034Y014529D01*
X001998Y014494D01*
X001959Y014462D01*
X001918Y014433D01*
X001875Y014407D01*
X001830Y014385D01*
X001784Y014367D01*
X001736Y014352D01*
X001687Y014341D01*
X001638Y014334D01*
X001588Y014331D01*
X001537Y014332D01*
X001488Y014337D01*
X001438Y014346D01*
X001390Y014359D01*
X001343Y014375D01*
X001297Y014396D01*
X001253Y014420D01*
X001211Y014447D01*
X001171Y014477D01*
X001134Y014511D01*
X001100Y014548D01*
X001068Y014587D01*
X001040Y014628D01*
X001015Y014672D01*
X000994Y014717D01*
X000977Y014764D01*
X000963Y014812D01*
X000953Y014861D01*
X000947Y014911D01*
X000945Y014961D01*
X037165Y014961D02*
X037167Y015011D01*
X037173Y015061D01*
X037183Y015110D01*
X037197Y015158D01*
X037214Y015205D01*
X037235Y015250D01*
X037260Y015294D01*
X037288Y015335D01*
X037320Y015374D01*
X037354Y015411D01*
X037391Y015445D01*
X037431Y015475D01*
X037473Y015502D01*
X037517Y015526D01*
X037563Y015547D01*
X037610Y015563D01*
X037658Y015576D01*
X037708Y015585D01*
X037757Y015590D01*
X037808Y015591D01*
X037858Y015588D01*
X037907Y015581D01*
X037956Y015570D01*
X038004Y015555D01*
X038050Y015537D01*
X038095Y015515D01*
X038138Y015489D01*
X038179Y015460D01*
X038218Y015428D01*
X038254Y015393D01*
X038286Y015355D01*
X038316Y015315D01*
X038343Y015272D01*
X038366Y015228D01*
X038385Y015182D01*
X038401Y015134D01*
X038413Y015085D01*
X038421Y015036D01*
X038425Y014986D01*
X038425Y014936D01*
X038421Y014886D01*
X038413Y014837D01*
X038401Y014788D01*
X038385Y014740D01*
X038366Y014694D01*
X038343Y014650D01*
X038316Y014607D01*
X038286Y014567D01*
X038254Y014529D01*
X038218Y014494D01*
X038179Y014462D01*
X038138Y014433D01*
X038095Y014407D01*
X038050Y014385D01*
X038004Y014367D01*
X037956Y014352D01*
X037907Y014341D01*
X037858Y014334D01*
X037808Y014331D01*
X037757Y014332D01*
X037708Y014337D01*
X037658Y014346D01*
X037610Y014359D01*
X037563Y014375D01*
X037517Y014396D01*
X037473Y014420D01*
X037431Y014447D01*
X037391Y014477D01*
X037354Y014511D01*
X037320Y014548D01*
X037288Y014587D01*
X037260Y014628D01*
X037235Y014672D01*
X037214Y014717D01*
X037197Y014764D01*
X037183Y014812D01*
X037173Y014861D01*
X037167Y014911D01*
X037165Y014961D01*
X037165Y001575D02*
X037167Y001625D01*
X037173Y001675D01*
X037183Y001724D01*
X037197Y001772D01*
X037214Y001819D01*
X037235Y001864D01*
X037260Y001908D01*
X037288Y001949D01*
X037320Y001988D01*
X037354Y002025D01*
X037391Y002059D01*
X037431Y002089D01*
X037473Y002116D01*
X037517Y002140D01*
X037563Y002161D01*
X037610Y002177D01*
X037658Y002190D01*
X037708Y002199D01*
X037757Y002204D01*
X037808Y002205D01*
X037858Y002202D01*
X037907Y002195D01*
X037956Y002184D01*
X038004Y002169D01*
X038050Y002151D01*
X038095Y002129D01*
X038138Y002103D01*
X038179Y002074D01*
X038218Y002042D01*
X038254Y002007D01*
X038286Y001969D01*
X038316Y001929D01*
X038343Y001886D01*
X038366Y001842D01*
X038385Y001796D01*
X038401Y001748D01*
X038413Y001699D01*
X038421Y001650D01*
X038425Y001600D01*
X038425Y001550D01*
X038421Y001500D01*
X038413Y001451D01*
X038401Y001402D01*
X038385Y001354D01*
X038366Y001308D01*
X038343Y001264D01*
X038316Y001221D01*
X038286Y001181D01*
X038254Y001143D01*
X038218Y001108D01*
X038179Y001076D01*
X038138Y001047D01*
X038095Y001021D01*
X038050Y000999D01*
X038004Y000981D01*
X037956Y000966D01*
X037907Y000955D01*
X037858Y000948D01*
X037808Y000945D01*
X037757Y000946D01*
X037708Y000951D01*
X037658Y000960D01*
X037610Y000973D01*
X037563Y000989D01*
X037517Y001010D01*
X037473Y001034D01*
X037431Y001061D01*
X037391Y001091D01*
X037354Y001125D01*
X037320Y001162D01*
X037288Y001201D01*
X037260Y001242D01*
X037235Y001286D01*
X037214Y001331D01*
X037197Y001378D01*
X037183Y001426D01*
X037173Y001475D01*
X037167Y001525D01*
X037165Y001575D01*
M02*
