G75*
%MOIN*%
%OFA0B0*%
%FSLAX24Y24*%
%IPPOS*%
%LPD*%
%AMOC8*
5,1,8,0,0,1.08239X$1,22.5*
%
%ADD10C,0.0000*%
D10*
X000000Y000000D02*
X000000Y023996D01*
X039370Y023996D01*
X039370Y000000D01*
X000000Y000000D01*
X000945Y001575D02*
X000947Y001625D01*
X000953Y001675D01*
X000963Y001724D01*
X000977Y001772D01*
X000994Y001819D01*
X001015Y001864D01*
X001040Y001908D01*
X001068Y001949D01*
X001100Y001988D01*
X001134Y002025D01*
X001171Y002059D01*
X001211Y002089D01*
X001253Y002116D01*
X001297Y002140D01*
X001343Y002161D01*
X001390Y002177D01*
X001438Y002190D01*
X001488Y002199D01*
X001537Y002204D01*
X001588Y002205D01*
X001638Y002202D01*
X001687Y002195D01*
X001736Y002184D01*
X001784Y002169D01*
X001830Y002151D01*
X001875Y002129D01*
X001918Y002103D01*
X001959Y002074D01*
X001998Y002042D01*
X002034Y002007D01*
X002066Y001969D01*
X002096Y001929D01*
X002123Y001886D01*
X002146Y001842D01*
X002165Y001796D01*
X002181Y001748D01*
X002193Y001699D01*
X002201Y001650D01*
X002205Y001600D01*
X002205Y001550D01*
X002201Y001500D01*
X002193Y001451D01*
X002181Y001402D01*
X002165Y001354D01*
X002146Y001308D01*
X002123Y001264D01*
X002096Y001221D01*
X002066Y001181D01*
X002034Y001143D01*
X001998Y001108D01*
X001959Y001076D01*
X001918Y001047D01*
X001875Y001021D01*
X001830Y000999D01*
X001784Y000981D01*
X001736Y000966D01*
X001687Y000955D01*
X001638Y000948D01*
X001588Y000945D01*
X001537Y000946D01*
X001488Y000951D01*
X001438Y000960D01*
X001390Y000973D01*
X001343Y000989D01*
X001297Y001010D01*
X001253Y001034D01*
X001211Y001061D01*
X001171Y001091D01*
X001134Y001125D01*
X001100Y001162D01*
X001068Y001201D01*
X001040Y001242D01*
X001015Y001286D01*
X000994Y001331D01*
X000977Y001378D01*
X000963Y001426D01*
X000953Y001475D01*
X000947Y001525D01*
X000945Y001575D01*
X000945Y022441D02*
X000947Y022491D01*
X000953Y022541D01*
X000963Y022590D01*
X000977Y022638D01*
X000994Y022685D01*
X001015Y022730D01*
X001040Y022774D01*
X001068Y022815D01*
X001100Y022854D01*
X001134Y022891D01*
X001171Y022925D01*
X001211Y022955D01*
X001253Y022982D01*
X001297Y023006D01*
X001343Y023027D01*
X001390Y023043D01*
X001438Y023056D01*
X001488Y023065D01*
X001537Y023070D01*
X001588Y023071D01*
X001638Y023068D01*
X001687Y023061D01*
X001736Y023050D01*
X001784Y023035D01*
X001830Y023017D01*
X001875Y022995D01*
X001918Y022969D01*
X001959Y022940D01*
X001998Y022908D01*
X002034Y022873D01*
X002066Y022835D01*
X002096Y022795D01*
X002123Y022752D01*
X002146Y022708D01*
X002165Y022662D01*
X002181Y022614D01*
X002193Y022565D01*
X002201Y022516D01*
X002205Y022466D01*
X002205Y022416D01*
X002201Y022366D01*
X002193Y022317D01*
X002181Y022268D01*
X002165Y022220D01*
X002146Y022174D01*
X002123Y022130D01*
X002096Y022087D01*
X002066Y022047D01*
X002034Y022009D01*
X001998Y021974D01*
X001959Y021942D01*
X001918Y021913D01*
X001875Y021887D01*
X001830Y021865D01*
X001784Y021847D01*
X001736Y021832D01*
X001687Y021821D01*
X001638Y021814D01*
X001588Y021811D01*
X001537Y021812D01*
X001488Y021817D01*
X001438Y021826D01*
X001390Y021839D01*
X001343Y021855D01*
X001297Y021876D01*
X001253Y021900D01*
X001211Y021927D01*
X001171Y021957D01*
X001134Y021991D01*
X001100Y022028D01*
X001068Y022067D01*
X001040Y022108D01*
X001015Y022152D01*
X000994Y022197D01*
X000977Y022244D01*
X000963Y022292D01*
X000953Y022341D01*
X000947Y022391D01*
X000945Y022441D01*
X037165Y022441D02*
X037167Y022491D01*
X037173Y022541D01*
X037183Y022590D01*
X037197Y022638D01*
X037214Y022685D01*
X037235Y022730D01*
X037260Y022774D01*
X037288Y022815D01*
X037320Y022854D01*
X037354Y022891D01*
X037391Y022925D01*
X037431Y022955D01*
X037473Y022982D01*
X037517Y023006D01*
X037563Y023027D01*
X037610Y023043D01*
X037658Y023056D01*
X037708Y023065D01*
X037757Y023070D01*
X037808Y023071D01*
X037858Y023068D01*
X037907Y023061D01*
X037956Y023050D01*
X038004Y023035D01*
X038050Y023017D01*
X038095Y022995D01*
X038138Y022969D01*
X038179Y022940D01*
X038218Y022908D01*
X038254Y022873D01*
X038286Y022835D01*
X038316Y022795D01*
X038343Y022752D01*
X038366Y022708D01*
X038385Y022662D01*
X038401Y022614D01*
X038413Y022565D01*
X038421Y022516D01*
X038425Y022466D01*
X038425Y022416D01*
X038421Y022366D01*
X038413Y022317D01*
X038401Y022268D01*
X038385Y022220D01*
X038366Y022174D01*
X038343Y022130D01*
X038316Y022087D01*
X038286Y022047D01*
X038254Y022009D01*
X038218Y021974D01*
X038179Y021942D01*
X038138Y021913D01*
X038095Y021887D01*
X038050Y021865D01*
X038004Y021847D01*
X037956Y021832D01*
X037907Y021821D01*
X037858Y021814D01*
X037808Y021811D01*
X037757Y021812D01*
X037708Y021817D01*
X037658Y021826D01*
X037610Y021839D01*
X037563Y021855D01*
X037517Y021876D01*
X037473Y021900D01*
X037431Y021927D01*
X037391Y021957D01*
X037354Y021991D01*
X037320Y022028D01*
X037288Y022067D01*
X037260Y022108D01*
X037235Y022152D01*
X037214Y022197D01*
X037197Y022244D01*
X037183Y022292D01*
X037173Y022341D01*
X037167Y022391D01*
X037165Y022441D01*
X037165Y001575D02*
X037167Y001625D01*
X037173Y001675D01*
X037183Y001724D01*
X037197Y001772D01*
X037214Y001819D01*
X037235Y001864D01*
X037260Y001908D01*
X037288Y001949D01*
X037320Y001988D01*
X037354Y002025D01*
X037391Y002059D01*
X037431Y002089D01*
X037473Y002116D01*
X037517Y002140D01*
X037563Y002161D01*
X037610Y002177D01*
X037658Y002190D01*
X037708Y002199D01*
X037757Y002204D01*
X037808Y002205D01*
X037858Y002202D01*
X037907Y002195D01*
X037956Y002184D01*
X038004Y002169D01*
X038050Y002151D01*
X038095Y002129D01*
X038138Y002103D01*
X038179Y002074D01*
X038218Y002042D01*
X038254Y002007D01*
X038286Y001969D01*
X038316Y001929D01*
X038343Y001886D01*
X038366Y001842D01*
X038385Y001796D01*
X038401Y001748D01*
X038413Y001699D01*
X038421Y001650D01*
X038425Y001600D01*
X038425Y001550D01*
X038421Y001500D01*
X038413Y001451D01*
X038401Y001402D01*
X038385Y001354D01*
X038366Y001308D01*
X038343Y001264D01*
X038316Y001221D01*
X038286Y001181D01*
X038254Y001143D01*
X038218Y001108D01*
X038179Y001076D01*
X038138Y001047D01*
X038095Y001021D01*
X038050Y000999D01*
X038004Y000981D01*
X037956Y000966D01*
X037907Y000955D01*
X037858Y000948D01*
X037808Y000945D01*
X037757Y000946D01*
X037708Y000951D01*
X037658Y000960D01*
X037610Y000973D01*
X037563Y000989D01*
X037517Y001010D01*
X037473Y001034D01*
X037431Y001061D01*
X037391Y001091D01*
X037354Y001125D01*
X037320Y001162D01*
X037288Y001201D01*
X037260Y001242D01*
X037235Y001286D01*
X037214Y001331D01*
X037197Y001378D01*
X037183Y001426D01*
X037173Y001475D01*
X037167Y001525D01*
X037165Y001575D01*
M02*
